2025-07-16 14:39:28 - __main__                  - CRITICAL - main.py:119 - CLI 실행 중 예상치 못한 오류 발생: non-default argument 'direction' follows default argument
Traceback (most recent call last):
  File "/workspaces/Trading_Bot/Trading_BOT/main.py", line 110, in run_cli_app
    from trading_bot.cli import main as cli_main_command
  File "/workspaces/Trading_Bot/Trading_BOT/src/trading_bot/cli.py", line 10, in <module>
    from .config import BotConfig
  File "/workspaces/Trading_Bot/Trading_BOT/src/trading_bot/config.py", line 13, in <module>
    @dataclass
     ^^^^^^^^^
  File "/home/codespace/.local/share/uv/python/cpython-3.12.10-linux-x86_64-gnu/lib/python3.12/dataclasses.py", line 1275, in dataclass
    return wrap(cls)
           ^^^^^^^^^
  File "/home/codespace/.local/share/uv/python/cpython-3.12.10-linux-x86_64-gnu/lib/python3.12/dataclasses.py", line 1265, in wrap
    return _process_class(cls, init, repr, eq, order, unsafe_hash,
           ^^^^^^^^^^^^^^^^^^^^^^^^^^^^^^^^^^^^^^^^^^^^^^^^^^^^^^^
  File "/home/codespace/.local/share/uv/python/cpython-3.12.10-linux-x86_64-gnu/lib/python3.12/dataclasses.py", line 1063, in _process_class
    _init_fn(all_init_fields,
  File "/home/codespace/.local/share/uv/python/cpython-3.12.10-linux-x86_64-gnu/lib/python3.12/dataclasses.py", line 585, in _init_fn
    raise TypeError(f'non-default argument {f.name!r} '
TypeError: non-default argument 'direction' follows default argument
2025-07-16 14:43:01 - __main__                  - CRITICAL - main.py:116 - trading_bot.cli 모듈 임포트 실패. 'src' 디렉토리 및 의존성 설치를 확인하세요.
Traceback (most recent call last):
  File "/workspaces/Trading_Bot/Trading_BOT/main.py", line 110, in run_cli_app
    from trading_bot.cli import main as cli_main_command
  File "/workspaces/Trading_Bot/Trading_BOT/src/trading_bot/cli.py", line 12, in <module>
    from .exchange_gateio import GateIOClient, ApiException
  File "/workspaces/Trading_Bot/Trading_BOT/src/trading_bot/exchange_gateio.py", line 8, in <module>
    from gate_api import (
ImportError: cannot import name 'TriggerOrder' from 'gate_api' (/workspaces/Trading_Bot/Trading_BOT/.venv/lib/python3.12/site-packages/gate_api/__init__.py). Did you mean: 'TriggerTime'?
2025-07-17 13:21:00 - __main__                  - CRITICAL - main.py:119 - CLI 실행 중 예상치 못한 오류 발생: main() missing 3 required positional arguments: 'config_file', 'smoke_test', and 'contract'
Traceback (most recent call last):
  File "/workspaces/Trading_Bot/Trading_BOT/main.py", line 113, in run_cli_app
    cli_main_command()
TypeError: main() missing 3 required positional arguments: 'config_file', 'smoke_test', and 'contract'
2025-07-17 13:26:13 - __main__                  - CRITICAL - main.py:119 - CLI 실행 중 예상치 못한 오류 발생: type object 'BotConfig' has no attribute 'load'
Traceback (most recent call last):
  File "/workspaces/Trading_Bot/Trading_BOT/main.py", line 113, in run_cli_app
    cli_main_command()
  File "/workspaces/Trading_Bot/Trading_BOT/src/trading_bot/cli.py", line 696, in main
    user_choice = select_config(config_dir)
                  ^^^^^^^^^^^^^^^^^^^^^^^^^
  File "/workspaces/Trading_Bot/Trading_BOT/src/trading_bot/cli.py", line 579, in select_config
    return BotConfig.load(selected_file)
           ^^^^^^^^^^^^^^
AttributeError: type object 'BotConfig' has no attribute 'load'
2025-07-17 14:42:04 - __main__                  - CRITICAL - main.py:119 - CLI 실행 중 예상치 못한 오류 발생: Unknown color 'default'
Traceback (most recent call last):
  File "/workspaces/Trading_Bot/Trading_BOT/main.py", line 113, in run_cli_app
    cli_main_command()
  File "/workspaces/Trading_Bot/Trading_BOT/src/trading_bot/cli.py", line 783, in main
    show_summary_final(bot_configuration)
  File "/workspaces/Trading_Bot/Trading_BOT/src/trading_bot/cli.py", line 230, in show_summary_final
    click.secho(f"{'피라미딩(불타기) 활성화:':<35} {pyramiding_enabled_str}", fg=pyramiding_color)
  File "/workspaces/Trading_Bot/Trading_BOT/.venv/lib/python3.12/site-packages/click/termui.py", line 682, in secho
    message = style(message, **styles)
              ^^^^^^^^^^^^^^^^^^^^^^^^
  File "/workspaces/Trading_Bot/Trading_BOT/.venv/lib/python3.12/site-packages/click/termui.py", line 611, in style
    raise TypeError(f"Unknown color {fg!r}") from None
TypeError: Unknown color 'default'
2025-07-17 14:44:51 - trading_bot.cli           - ERROR    - cli.py:799 - 설정 파일 저장 실패 ('/workspaces/Trading_Bot/Trading_BOT/Bot/btc_usdt_long_config.json'): 'BotConfig' object has no attribute 'save'
Traceback (most recent call last):
  File "/workspaces/Trading_Bot/Trading_BOT/src/trading_bot/cli.py", line 797, in main
    bot_configuration.save(final_save_path)
    ^^^^^^^^^^^^^^^^^^^^^^
AttributeError: 'BotConfig' object has no attribute 'save'
2025-07-17 14:45:09 - __main__                  - CRITICAL - main.py:119 - CLI 실행 중 예상치 못한 오류 발생: 
Traceback (most recent call last):
  File "/workspaces/Trading_Bot/Trading_BOT/main.py", line 113, in run_cli_app
    cli_main_command()
  File "/workspaces/Trading_Bot/Trading_BOT/src/trading_bot/cli.py", line 802, in main
    if click.confirm("\n▶️ 위 설정으로 자동매매를 시작하시겠습니까?", default=True):
       ^^^^^^^^^^^^^^^^^^^^^^^^^^^^^^^^^^^^^^^^^^^^^^^^^^^^^^^^^^^^^^^^^^^^^^^^^^^^
  File "/workspaces/Trading_Bot/Trading_BOT/.venv/lib/python3.12/site-packages/click/termui.py", line 239, in confirm
    raise Abort() from None
click.exceptions.Abort
2025-07-17 14:48:11 - trading_bot.cli           - ERROR    - cli.py:799 - 설정 파일 저장 실패 ('/workspaces/Trading_Bot/Trading_BOT/Bot/btc_usdt_long_config.json'): 'BotConfig' object has no attribute 'save'
Traceback (most recent call last):
  File "/workspaces/Trading_Bot/Trading_BOT/src/trading_bot/cli.py", line 797, in main
    bot_configuration.save(final_save_path)
    ^^^^^^^^^^^^^^^^^^^^^^
AttributeError: 'BotConfig' object has no attribute 'save'
2025-07-17 14:52:55 - trading_bot.cli           - ERROR    - cli.py:799 - 설정 파일 저장 실패 ('/workspaces/Trading_Bot/Trading_BOT/Bot/btc_usdt_long_config.json'): 'BotConfig' object has no attribute 'save'
Traceback (most recent call last):
  File "/workspaces/Trading_Bot/Trading_BOT/src/trading_bot/cli.py", line 797, in main
    bot_configuration.save(final_save_path)
    ^^^^^^^^^^^^^^^^^^^^^^
AttributeError: 'BotConfig' object has no attribute 'save'
2025-07-17 14:53:10 - __main__                  - CRITICAL - main.py:119 - CLI 실행 중 예상치 못한 오류 발생: 
Traceback (most recent call last):
  File "/workspaces/Trading_Bot/Trading_BOT/main.py", line 113, in run_cli_app
    cli_main_command()
  File "/workspaces/Trading_Bot/Trading_BOT/src/trading_bot/cli.py", line 802, in main
    if click.confirm("\n▶️ 위 설정으로 자동매매를 시작하시겠습니까?", default=True):
       ^^^^^^^^^^^^^^^^^^^^^^^^^^^^^^^^^^^^^^^^^^^^^^^^^^^^^^^^^^^^^^^^^^^^^^^^^^^^
  File "/workspaces/Trading_Bot/Trading_BOT/.venv/lib/python3.12/site-packages/click/termui.py", line 239, in confirm
    raise Abort() from None
click.exceptions.Abort
2025-07-18 14:19:59 - trading_bot.cli           - ERROR    - cli.py:799 - 설정 파일 저장 실패 ('/workspaces/Trading_Bot/Trading_BOT/Bot/btc_usdt_long_config.json'): 'BotConfig' object has no attribute 'save'
Traceback (most recent call last):
  File "/workspaces/Trading_Bot/Trading_BOT/src/trading_bot/cli.py", line 797, in main
    bot_configuration.save(final_save_path)
    ^^^^^^^^^^^^^^^^^^^^^^
AttributeError: 'BotConfig' object has no attribute 'save'
2025-07-18 14:27:43 - trading_bot.cli           - ERROR    - cli.py:799 - 설정 파일 저장 실패 ('/workspaces/Trading_Bot/Trading_BOT/Bot/btc_usdt_long_config.json'): 'BotConfig' object has no attribute 'save'
Traceback (most recent call last):
  File "/workspaces/Trading_Bot/Trading_BOT/src/trading_bot/cli.py", line 797, in main
    bot_configuration.save(final_save_path)
    ^^^^^^^^^^^^^^^^^^^^^^
AttributeError: 'BotConfig' object has no attribute 'save'
2025-07-18 14:31:19 - __main__                  - CRITICAL - main.py:119 - CLI 실행 중 예상치 못한 오류 발생: 
Traceback (most recent call last):
  File "/workspaces/Trading_Bot/Trading_BOT/main.py", line 113, in run_cli_app
    cli_main_command()
  File "/workspaces/Trading_Bot/Trading_BOT/src/trading_bot/cli.py", line 802, in main
    if click.confirm("\n▶️ 위 설정으로 자동매매를 시작하시겠습니까?", default=True):
       ^^^^^^^^^^^^^^^^^^^^^^^^^^^^^^^^^^^^^^^^^^^^^^^^^^^^^^^^^^^^^^^^^^^^^^^^^^^^
  File "/workspaces/Trading_Bot/Trading_BOT/.venv/lib/python3.12/site-packages/click/termui.py", line 239, in confirm
    raise Abort() from None
click.exceptions.Abort
2025-07-18 14:33:26 - __main__                  - CRITICAL - main.py:119 - CLI 실행 중 예상치 못한 오류 발생: Unknown color 'default'
Traceback (most recent call last):
  File "/workspaces/Trading_Bot/Trading_BOT/main.py", line 113, in run_cli_app
    cli_main_command()
  File "/workspaces/Trading_Bot/Trading_BOT/src/trading_bot/cli.py", line 783, in main
    show_summary_final(bot_configuration)
  File "/workspaces/Trading_Bot/Trading_BOT/src/trading_bot/cli.py", line 230, in show_summary_final
    click.secho(f"{'피라미딩(불타기) 활성화:':<35} {pyramiding_enabled_str}", fg=pyramiding_color)
  File "/workspaces/Trading_Bot/Trading_BOT/.venv/lib/python3.12/site-packages/click/termui.py", line 682, in secho
    message = style(message, **styles)
              ^^^^^^^^^^^^^^^^^^^^^^^^
  File "/workspaces/Trading_Bot/Trading_BOT/.venv/lib/python3.12/site-packages/click/termui.py", line 611, in style
    raise TypeError(f"Unknown color {fg!r}") from None
TypeError: Unknown color 'default'
2025-07-18 14:50:18 - trading_bot.exchange_gateio - ERROR    - exchange_gateio.py:95 - 레버리지 설정 중 예외 발생: '<' not supported between instances of 'int' and 'str'
Traceback (most recent call last):
  File "/workspaces/Trading_Bot/Trading_BOT/src/trading_bot/exchange_gateio.py", line 82, in place_order
    updated_pos_info = self.update_position_leverage(contract_symbol, str(leverage))
                       ^^^^^^^^^^^^^^^^^^^^^^^^^^^^^^^^^^^^^^^^^^^^^^^^^^^^^^^^^^^^^
  File "/workspaces/Trading_Bot/Trading_BOT/src/trading_bot/exchange_gateio.py", line 295, in update_position_leverage
    if not (0 < new_leverage <= 125):
            ^^^^^^^^^^^^^^^^^^^^^^^
TypeError: '<' not supported between instances of 'int' and 'str'
2025-07-18 14:50:18 - trading_bot.cli           - ERROR    - cli.py:414 - ENTRY 주문 실패 또는 API로부터 유효한 응답 받지 못함.
2025-07-18 14:50:18 - trading_bot.cli           - CRITICAL - cli.py:423 - 초기 진입 주문 실패.
2025-07-19 06:26:44 - trading_bot.exchange_gateio - ERROR    - exchange_gateio.py:92 - ❌ 레버리지 설정 후 상태 확인 실패. API 키 권한 또는 양방향 모드 설정을 확인하세요. 주문 중단.
2025-07-19 06:26:44 - trading_bot.cli           - ERROR    - cli.py:414 - ENTRY 주문 실패 또는 API로부터 유효한 응답 받지 못함.
2025-07-19 06:26:44 - trading_bot.cli           - CRITICAL - cli.py:423 - 초기 진입 주문 실패.
2025-07-19 06:47:17 - trading_bot.exchange_gateio - ERROR    - exchange_gateio.py:92 - ❌ 레버리지 설정 후 상태 확인 실패. API 키 권한 또는 양방향 모드 설정을 확인하세요. 주문 중단.
2025-07-19 06:47:17 - trading_bot.cli           - ERROR    - cli.py:414 - ENTRY 주문 실패 또는 API로부터 유효한 응답 받지 못함.
2025-07-19 06:47:17 - trading_bot.cli           - CRITICAL - cli.py:423 - 초기 진입 주문 실패.
2025-07-19 07:18:00 - trading_bot.cli           - ERROR    - cli.py:535 - 전략 실행 중 예상치 못한 오류: 'list' object has no attribute 'long'
Traceback (most recent call last):
  File "/workspaces/Trading_Bot/Trading_BOT/src/trading_bot/cli.py", line 429, in run_strategy
    actual_position = gate_client.get_position(config.symbol)
                      ^^^^^^^^^^^^^^^^^^^^^^^^^^^^^^^^^^^^^^^
  File "/workspaces/Trading_Bot/Trading_BOT/src/trading_bot/exchange_gateio.py", line 200, in get_position
    if dual_position and (dual_position.long.size != 0 or dual_position.short.size != 0):
                          ^^^^^^^^^^^^^^^^^^
AttributeError: 'list' object has no attribute 'long'
2025-07-19 07:18:10 - trading_bot.cli           - ERROR    - cli.py:535 - 전략 실행 중 예상치 못한 오류: 'list' object has no attribute 'long'
Traceback (most recent call last):
  File "/workspaces/Trading_Bot/Trading_BOT/src/trading_bot/cli.py", line 429, in run_strategy
    actual_position = gate_client.get_position(config.symbol)
                      ^^^^^^^^^^^^^^^^^^^^^^^^^^^^^^^^^^^^^^^
  File "/workspaces/Trading_Bot/Trading_BOT/src/trading_bot/exchange_gateio.py", line 200, in get_position
    if dual_position and (dual_position.long.size != 0 or dual_position.short.size != 0):
                          ^^^^^^^^^^^^^^^^^^
AttributeError: 'list' object has no attribute 'long'
2025-07-19 07:20:58 - trading_bot.cli           - ERROR    - cli.py:535 - 전략 실행 중 예상치 못한 오류: 'BotConfig' object is not iterable
Traceback (most recent call last):
  File "/workspaces/Trading_Bot/Trading_BOT/src/trading_bot/cli.py", line 430, in run_strategy
    pretty_show_summary(config, current_bot_state, actual_position)
  File "/workspaces/Trading_Bot/Trading_BOT/.venv/lib/python3.12/site-packages/click/core.py", line 1442, in __call__
    return self.main(*args, **kwargs)
           ^^^^^^^^^^^^^^^^^^^^^^^^^^
  File "/workspaces/Trading_Bot/Trading_BOT/.venv/lib/python3.12/site-packages/click/core.py", line 1352, in main
    args = list(args)
           ^^^^^^^^^^
TypeError: 'BotConfig' object is not iterable
2025-07-19 07:21:08 - trading_bot.cli           - ERROR    - cli.py:535 - 전략 실행 중 예상치 못한 오류: 'BotConfig' object is not iterable
Traceback (most recent call last):
  File "/workspaces/Trading_Bot/Trading_BOT/src/trading_bot/cli.py", line 430, in run_strategy
    pretty_show_summary(config, current_bot_state, actual_position)
  File "/workspaces/Trading_Bot/Trading_BOT/.venv/lib/python3.12/site-packages/click/core.py", line 1442, in __call__
    return self.main(*args, **kwargs)
           ^^^^^^^^^^^^^^^^^^^^^^^^^^
  File "/workspaces/Trading_Bot/Trading_BOT/.venv/lib/python3.12/site-packages/click/core.py", line 1352, in main
    args = list(args)
           ^^^^^^^^^^
TypeError: 'BotConfig' object is not iterable
2025-07-19 07:21:18 - trading_bot.cli           - ERROR    - cli.py:535 - 전략 실행 중 예상치 못한 오류: 'BotConfig' object is not iterable
Traceback (most recent call last):
  File "/workspaces/Trading_Bot/Trading_BOT/src/trading_bot/cli.py", line 430, in run_strategy
    pretty_show_summary(config, current_bot_state, actual_position)
  File "/workspaces/Trading_Bot/Trading_BOT/.venv/lib/python3.12/site-packages/click/core.py", line 1442, in __call__
    return self.main(*args, **kwargs)
           ^^^^^^^^^^^^^^^^^^^^^^^^^^
  File "/workspaces/Trading_Bot/Trading_BOT/.venv/lib/python3.12/site-packages/click/core.py", line 1352, in main
    args = list(args)
           ^^^^^^^^^^
TypeError: 'BotConfig' object is not iterable
2025-07-19 07:21:28 - trading_bot.cli           - ERROR    - cli.py:535 - 전략 실행 중 예상치 못한 오류: 'BotConfig' object is not iterable
Traceback (most recent call last):
  File "/workspaces/Trading_Bot/Trading_BOT/src/trading_bot/cli.py", line 430, in run_strategy
    pretty_show_summary(config, current_bot_state, actual_position)
  File "/workspaces/Trading_Bot/Trading_BOT/.venv/lib/python3.12/site-packages/click/core.py", line 1442, in __call__
    return self.main(*args, **kwargs)
           ^^^^^^^^^^^^^^^^^^^^^^^^^^
  File "/workspaces/Trading_Bot/Trading_BOT/.venv/lib/python3.12/site-packages/click/core.py", line 1352, in main
    args = list(args)
           ^^^^^^^^^^
TypeError: 'BotConfig' object is not iterable
2025-07-19 07:21:38 - trading_bot.cli           - ERROR    - cli.py:535 - 전략 실행 중 예상치 못한 오류: 'BotConfig' object is not iterable
Traceback (most recent call last):
  File "/workspaces/Trading_Bot/Trading_BOT/src/trading_bot/cli.py", line 430, in run_strategy
    pretty_show_summary(config, current_bot_state, actual_position)
  File "/workspaces/Trading_Bot/Trading_BOT/.venv/lib/python3.12/site-packages/click/core.py", line 1442, in __call__
    return self.main(*args, **kwargs)
           ^^^^^^^^^^^^^^^^^^^^^^^^^^
  File "/workspaces/Trading_Bot/Trading_BOT/.venv/lib/python3.12/site-packages/click/core.py", line 1352, in main
    args = list(args)
           ^^^^^^^^^^
TypeError: 'BotConfig' object is not iterable
2025-07-19 07:21:48 - trading_bot.cli           - ERROR    - cli.py:535 - 전략 실행 중 예상치 못한 오류: 'BotConfig' object is not iterable
Traceback (most recent call last):
  File "/workspaces/Trading_Bot/Trading_BOT/src/trading_bot/cli.py", line 430, in run_strategy
    pretty_show_summary(config, current_bot_state, actual_position)
  File "/workspaces/Trading_Bot/Trading_BOT/.venv/lib/python3.12/site-packages/click/core.py", line 1442, in __call__
    return self.main(*args, **kwargs)
           ^^^^^^^^^^^^^^^^^^^^^^^^^^
  File "/workspaces/Trading_Bot/Trading_BOT/.venv/lib/python3.12/site-packages/click/core.py", line 1352, in main
    args = list(args)
           ^^^^^^^^^^
TypeError: 'BotConfig' object is not iterable
2025-07-19 07:21:59 - trading_bot.cli           - ERROR    - cli.py:535 - 전략 실행 중 예상치 못한 오류: 'BotConfig' object is not iterable
Traceback (most recent call last):
  File "/workspaces/Trading_Bot/Trading_BOT/src/trading_bot/cli.py", line 430, in run_strategy
    pretty_show_summary(config, current_bot_state, actual_position)
  File "/workspaces/Trading_Bot/Trading_BOT/.venv/lib/python3.12/site-packages/click/core.py", line 1442, in __call__
    return self.main(*args, **kwargs)
           ^^^^^^^^^^^^^^^^^^^^^^^^^^
  File "/workspaces/Trading_Bot/Trading_BOT/.venv/lib/python3.12/site-packages/click/core.py", line 1352, in main
    args = list(args)
           ^^^^^^^^^^
TypeError: 'BotConfig' object is not iterable
2025-07-19 07:22:09 - trading_bot.cli           - ERROR    - cli.py:535 - 전략 실행 중 예상치 못한 오류: 'BotConfig' object is not iterable
Traceback (most recent call last):
  File "/workspaces/Trading_Bot/Trading_BOT/src/trading_bot/cli.py", line 430, in run_strategy
    pretty_show_summary(config, current_bot_state, actual_position)
  File "/workspaces/Trading_Bot/Trading_BOT/.venv/lib/python3.12/site-packages/click/core.py", line 1442, in __call__
    return self.main(*args, **kwargs)
           ^^^^^^^^^^^^^^^^^^^^^^^^^^
  File "/workspaces/Trading_Bot/Trading_BOT/.venv/lib/python3.12/site-packages/click/core.py", line 1352, in main
    args = list(args)
           ^^^^^^^^^^
TypeError: 'BotConfig' object is not iterable
2025-07-19 07:22:19 - trading_bot.cli           - ERROR    - cli.py:535 - 전략 실행 중 예상치 못한 오류: 'BotConfig' object is not iterable
Traceback (most recent call last):
  File "/workspaces/Trading_Bot/Trading_BOT/src/trading_bot/cli.py", line 430, in run_strategy
    pretty_show_summary(config, current_bot_state, actual_position)
  File "/workspaces/Trading_Bot/Trading_BOT/.venv/lib/python3.12/site-packages/click/core.py", line 1442, in __call__
    return self.main(*args, **kwargs)
           ^^^^^^^^^^^^^^^^^^^^^^^^^^
  File "/workspaces/Trading_Bot/Trading_BOT/.venv/lib/python3.12/site-packages/click/core.py", line 1352, in main
    args = list(args)
           ^^^^^^^^^^
TypeError: 'BotConfig' object is not iterable
2025-07-19 07:22:29 - trading_bot.cli           - ERROR    - cli.py:535 - 전략 실행 중 예상치 못한 오류: 'BotConfig' object is not iterable
Traceback (most recent call last):
  File "/workspaces/Trading_Bot/Trading_BOT/src/trading_bot/cli.py", line 430, in run_strategy
    pretty_show_summary(config, current_bot_state, actual_position)
  File "/workspaces/Trading_Bot/Trading_BOT/.venv/lib/python3.12/site-packages/click/core.py", line 1442, in __call__
    return self.main(*args, **kwargs)
           ^^^^^^^^^^^^^^^^^^^^^^^^^^
  File "/workspaces/Trading_Bot/Trading_BOT/.venv/lib/python3.12/site-packages/click/core.py", line 1352, in main
    args = list(args)
           ^^^^^^^^^^
TypeError: 'BotConfig' object is not iterable
2025-07-19 07:22:39 - trading_bot.cli           - ERROR    - cli.py:535 - 전략 실행 중 예상치 못한 오류: 'BotConfig' object is not iterable
Traceback (most recent call last):
  File "/workspaces/Trading_Bot/Trading_BOT/src/trading_bot/cli.py", line 430, in run_strategy
    pretty_show_summary(config, current_bot_state, actual_position)
  File "/workspaces/Trading_Bot/Trading_BOT/.venv/lib/python3.12/site-packages/click/core.py", line 1442, in __call__
    return self.main(*args, **kwargs)
           ^^^^^^^^^^^^^^^^^^^^^^^^^^
  File "/workspaces/Trading_Bot/Trading_BOT/.venv/lib/python3.12/site-packages/click/core.py", line 1352, in main
    args = list(args)
           ^^^^^^^^^^
TypeError: 'BotConfig' object is not iterable
2025-07-19 07:22:49 - trading_bot.cli           - ERROR    - cli.py:535 - 전략 실행 중 예상치 못한 오류: 'BotConfig' object is not iterable
Traceback (most recent call last):
  File "/workspaces/Trading_Bot/Trading_BOT/src/trading_bot/cli.py", line 430, in run_strategy
    pretty_show_summary(config, current_bot_state, actual_position)
  File "/workspaces/Trading_Bot/Trading_BOT/.venv/lib/python3.12/site-packages/click/core.py", line 1442, in __call__
    return self.main(*args, **kwargs)
           ^^^^^^^^^^^^^^^^^^^^^^^^^^
  File "/workspaces/Trading_Bot/Trading_BOT/.venv/lib/python3.12/site-packages/click/core.py", line 1352, in main
    args = list(args)
           ^^^^^^^^^^
TypeError: 'BotConfig' object is not iterable
2025-07-19 07:23:00 - trading_bot.cli           - ERROR    - cli.py:535 - 전략 실행 중 예상치 못한 오류: 'BotConfig' object is not iterable
Traceback (most recent call last):
  File "/workspaces/Trading_Bot/Trading_BOT/src/trading_bot/cli.py", line 430, in run_strategy
    pretty_show_summary(config, current_bot_state, actual_position)
  File "/workspaces/Trading_Bot/Trading_BOT/.venv/lib/python3.12/site-packages/click/core.py", line 1442, in __call__
    return self.main(*args, **kwargs)
           ^^^^^^^^^^^^^^^^^^^^^^^^^^
  File "/workspaces/Trading_Bot/Trading_BOT/.venv/lib/python3.12/site-packages/click/core.py", line 1352, in main
    args = list(args)
           ^^^^^^^^^^
TypeError: 'BotConfig' object is not iterable
2025-07-19 07:23:10 - trading_bot.cli           - ERROR    - cli.py:535 - 전략 실행 중 예상치 못한 오류: 'BotConfig' object is not iterable
Traceback (most recent call last):
  File "/workspaces/Trading_Bot/Trading_BOT/src/trading_bot/cli.py", line 430, in run_strategy
    pretty_show_summary(config, current_bot_state, actual_position)
  File "/workspaces/Trading_Bot/Trading_BOT/.venv/lib/python3.12/site-packages/click/core.py", line 1442, in __call__
    return self.main(*args, **kwargs)
           ^^^^^^^^^^^^^^^^^^^^^^^^^^
  File "/workspaces/Trading_Bot/Trading_BOT/.venv/lib/python3.12/site-packages/click/core.py", line 1352, in main
    args = list(args)
           ^^^^^^^^^^
TypeError: 'BotConfig' object is not iterable
2025-07-19 07:23:20 - trading_bot.cli           - ERROR    - cli.py:535 - 전략 실행 중 예상치 못한 오류: 'BotConfig' object is not iterable
Traceback (most recent call last):
  File "/workspaces/Trading_Bot/Trading_BOT/src/trading_bot/cli.py", line 430, in run_strategy
    pretty_show_summary(config, current_bot_state, actual_position)
  File "/workspaces/Trading_Bot/Trading_BOT/.venv/lib/python3.12/site-packages/click/core.py", line 1442, in __call__
    return self.main(*args, **kwargs)
           ^^^^^^^^^^^^^^^^^^^^^^^^^^
  File "/workspaces/Trading_Bot/Trading_BOT/.venv/lib/python3.12/site-packages/click/core.py", line 1352, in main
    args = list(args)
           ^^^^^^^^^^
TypeError: 'BotConfig' object is not iterable
2025-07-19 07:23:30 - trading_bot.cli           - ERROR    - cli.py:535 - 전략 실행 중 예상치 못한 오류: 'BotConfig' object is not iterable
Traceback (most recent call last):
  File "/workspaces/Trading_Bot/Trading_BOT/src/trading_bot/cli.py", line 430, in run_strategy
    pretty_show_summary(config, current_bot_state, actual_position)
  File "/workspaces/Trading_Bot/Trading_BOT/.venv/lib/python3.12/site-packages/click/core.py", line 1442, in __call__
    return self.main(*args, **kwargs)
           ^^^^^^^^^^^^^^^^^^^^^^^^^^
  File "/workspaces/Trading_Bot/Trading_BOT/.venv/lib/python3.12/site-packages/click/core.py", line 1352, in main
    args = list(args)
           ^^^^^^^^^^
TypeError: 'BotConfig' object is not iterable
2025-07-19 07:23:40 - trading_bot.cli           - ERROR    - cli.py:535 - 전략 실행 중 예상치 못한 오류: 'BotConfig' object is not iterable
Traceback (most recent call last):
  File "/workspaces/Trading_Bot/Trading_BOT/src/trading_bot/cli.py", line 430, in run_strategy
    pretty_show_summary(config, current_bot_state, actual_position)
  File "/workspaces/Trading_Bot/Trading_BOT/.venv/lib/python3.12/site-packages/click/core.py", line 1442, in __call__
    return self.main(*args, **kwargs)
           ^^^^^^^^^^^^^^^^^^^^^^^^^^
  File "/workspaces/Trading_Bot/Trading_BOT/.venv/lib/python3.12/site-packages/click/core.py", line 1352, in main
    args = list(args)
           ^^^^^^^^^^
TypeError: 'BotConfig' object is not iterable
2025-07-19 07:23:50 - trading_bot.cli           - ERROR    - cli.py:535 - 전략 실행 중 예상치 못한 오류: 'BotConfig' object is not iterable
Traceback (most recent call last):
  File "/workspaces/Trading_Bot/Trading_BOT/src/trading_bot/cli.py", line 430, in run_strategy
    pretty_show_summary(config, current_bot_state, actual_position)
  File "/workspaces/Trading_Bot/Trading_BOT/.venv/lib/python3.12/site-packages/click/core.py", line 1442, in __call__
    return self.main(*args, **kwargs)
           ^^^^^^^^^^^^^^^^^^^^^^^^^^
  File "/workspaces/Trading_Bot/Trading_BOT/.venv/lib/python3.12/site-packages/click/core.py", line 1352, in main
    args = list(args)
           ^^^^^^^^^^
TypeError: 'BotConfig' object is not iterable
2025-07-19 07:24:00 - trading_bot.cli           - ERROR    - cli.py:535 - 전략 실행 중 예상치 못한 오류: 'BotConfig' object is not iterable
Traceback (most recent call last):
  File "/workspaces/Trading_Bot/Trading_BOT/src/trading_bot/cli.py", line 430, in run_strategy
    pretty_show_summary(config, current_bot_state, actual_position)
  File "/workspaces/Trading_Bot/Trading_BOT/.venv/lib/python3.12/site-packages/click/core.py", line 1442, in __call__
    return self.main(*args, **kwargs)
           ^^^^^^^^^^^^^^^^^^^^^^^^^^
  File "/workspaces/Trading_Bot/Trading_BOT/.venv/lib/python3.12/site-packages/click/core.py", line 1352, in main
    args = list(args)
           ^^^^^^^^^^
TypeError: 'BotConfig' object is not iterable
2025-07-19 07:24:11 - trading_bot.cli           - ERROR    - cli.py:535 - 전략 실행 중 예상치 못한 오류: 'BotConfig' object is not iterable
Traceback (most recent call last):
  File "/workspaces/Trading_Bot/Trading_BOT/src/trading_bot/cli.py", line 430, in run_strategy
    pretty_show_summary(config, current_bot_state, actual_position)
  File "/workspaces/Trading_Bot/Trading_BOT/.venv/lib/python3.12/site-packages/click/core.py", line 1442, in __call__
    return self.main(*args, **kwargs)
           ^^^^^^^^^^^^^^^^^^^^^^^^^^
  File "/workspaces/Trading_Bot/Trading_BOT/.venv/lib/python3.12/site-packages/click/core.py", line 1352, in main
    args = list(args)
           ^^^^^^^^^^
TypeError: 'BotConfig' object is not iterable
2025-07-19 07:24:21 - trading_bot.cli           - ERROR    - cli.py:535 - 전략 실행 중 예상치 못한 오류: 'BotConfig' object is not iterable
Traceback (most recent call last):
  File "/workspaces/Trading_Bot/Trading_BOT/src/trading_bot/cli.py", line 430, in run_strategy
    pretty_show_summary(config, current_bot_state, actual_position)
  File "/workspaces/Trading_Bot/Trading_BOT/.venv/lib/python3.12/site-packages/click/core.py", line 1442, in __call__
    return self.main(*args, **kwargs)
           ^^^^^^^^^^^^^^^^^^^^^^^^^^
  File "/workspaces/Trading_Bot/Trading_BOT/.venv/lib/python3.12/site-packages/click/core.py", line 1352, in main
    args = list(args)
           ^^^^^^^^^^
TypeError: 'BotConfig' object is not iterable
2025-07-19 07:24:31 - trading_bot.cli           - ERROR    - cli.py:535 - 전략 실행 중 예상치 못한 오류: 'BotConfig' object is not iterable
Traceback (most recent call last):
  File "/workspaces/Trading_Bot/Trading_BOT/src/trading_bot/cli.py", line 430, in run_strategy
    pretty_show_summary(config, current_bot_state, actual_position)
  File "/workspaces/Trading_Bot/Trading_BOT/.venv/lib/python3.12/site-packages/click/core.py", line 1442, in __call__
    return self.main(*args, **kwargs)
           ^^^^^^^^^^^^^^^^^^^^^^^^^^
  File "/workspaces/Trading_Bot/Trading_BOT/.venv/lib/python3.12/site-packages/click/core.py", line 1352, in main
    args = list(args)
           ^^^^^^^^^^
TypeError: 'BotConfig' object is not iterable
2025-07-19 07:24:41 - trading_bot.cli           - ERROR    - cli.py:535 - 전략 실행 중 예상치 못한 오류: 'BotConfig' object is not iterable
Traceback (most recent call last):
  File "/workspaces/Trading_Bot/Trading_BOT/src/trading_bot/cli.py", line 430, in run_strategy
    pretty_show_summary(config, current_bot_state, actual_position)
  File "/workspaces/Trading_Bot/Trading_BOT/.venv/lib/python3.12/site-packages/click/core.py", line 1442, in __call__
    return self.main(*args, **kwargs)
           ^^^^^^^^^^^^^^^^^^^^^^^^^^
  File "/workspaces/Trading_Bot/Trading_BOT/.venv/lib/python3.12/site-packages/click/core.py", line 1352, in main
    args = list(args)
           ^^^^^^^^^^
TypeError: 'BotConfig' object is not iterable
2025-07-19 07:24:51 - trading_bot.cli           - ERROR    - cli.py:535 - 전략 실행 중 예상치 못한 오류: 'BotConfig' object is not iterable
Traceback (most recent call last):
  File "/workspaces/Trading_Bot/Trading_BOT/src/trading_bot/cli.py", line 430, in run_strategy
    pretty_show_summary(config, current_bot_state, actual_position)
  File "/workspaces/Trading_Bot/Trading_BOT/.venv/lib/python3.12/site-packages/click/core.py", line 1442, in __call__
    return self.main(*args, **kwargs)
           ^^^^^^^^^^^^^^^^^^^^^^^^^^
  File "/workspaces/Trading_Bot/Trading_BOT/.venv/lib/python3.12/site-packages/click/core.py", line 1352, in main
    args = list(args)
           ^^^^^^^^^^
TypeError: 'BotConfig' object is not iterable
2025-07-19 07:25:01 - trading_bot.cli           - ERROR    - cli.py:535 - 전략 실행 중 예상치 못한 오류: 'BotConfig' object is not iterable
Traceback (most recent call last):
  File "/workspaces/Trading_Bot/Trading_BOT/src/trading_bot/cli.py", line 430, in run_strategy
    pretty_show_summary(config, current_bot_state, actual_position)
  File "/workspaces/Trading_Bot/Trading_BOT/.venv/lib/python3.12/site-packages/click/core.py", line 1442, in __call__
    return self.main(*args, **kwargs)
           ^^^^^^^^^^^^^^^^^^^^^^^^^^
  File "/workspaces/Trading_Bot/Trading_BOT/.venv/lib/python3.12/site-packages/click/core.py", line 1352, in main
    args = list(args)
           ^^^^^^^^^^
TypeError: 'BotConfig' object is not iterable
2025-07-19 07:25:11 - trading_bot.cli           - ERROR    - cli.py:535 - 전략 실행 중 예상치 못한 오류: 'BotConfig' object is not iterable
Traceback (most recent call last):
  File "/workspaces/Trading_Bot/Trading_BOT/src/trading_bot/cli.py", line 430, in run_strategy
    pretty_show_summary(config, current_bot_state, actual_position)
  File "/workspaces/Trading_Bot/Trading_BOT/.venv/lib/python3.12/site-packages/click/core.py", line 1442, in __call__
    return self.main(*args, **kwargs)
           ^^^^^^^^^^^^^^^^^^^^^^^^^^
  File "/workspaces/Trading_Bot/Trading_BOT/.venv/lib/python3.12/site-packages/click/core.py", line 1352, in main
    args = list(args)
           ^^^^^^^^^^
TypeError: 'BotConfig' object is not iterable
2025-07-19 07:25:22 - trading_bot.cli           - ERROR    - cli.py:535 - 전략 실행 중 예상치 못한 오류: 'BotConfig' object is not iterable
Traceback (most recent call last):
  File "/workspaces/Trading_Bot/Trading_BOT/src/trading_bot/cli.py", line 430, in run_strategy
    pretty_show_summary(config, current_bot_state, actual_position)
  File "/workspaces/Trading_Bot/Trading_BOT/.venv/lib/python3.12/site-packages/click/core.py", line 1442, in __call__
    return self.main(*args, **kwargs)
           ^^^^^^^^^^^^^^^^^^^^^^^^^^
  File "/workspaces/Trading_Bot/Trading_BOT/.venv/lib/python3.12/site-packages/click/core.py", line 1352, in main
    args = list(args)
           ^^^^^^^^^^
TypeError: 'BotConfig' object is not iterable
2025-07-19 07:25:32 - trading_bot.cli           - ERROR    - cli.py:535 - 전략 실행 중 예상치 못한 오류: 'BotConfig' object is not iterable
Traceback (most recent call last):
  File "/workspaces/Trading_Bot/Trading_BOT/src/trading_bot/cli.py", line 430, in run_strategy
    pretty_show_summary(config, current_bot_state, actual_position)
  File "/workspaces/Trading_Bot/Trading_BOT/.venv/lib/python3.12/site-packages/click/core.py", line 1442, in __call__
    return self.main(*args, **kwargs)
           ^^^^^^^^^^^^^^^^^^^^^^^^^^
  File "/workspaces/Trading_Bot/Trading_BOT/.venv/lib/python3.12/site-packages/click/core.py", line 1352, in main
    args = list(args)
           ^^^^^^^^^^
TypeError: 'BotConfig' object is not iterable
2025-07-19 07:25:42 - trading_bot.cli           - ERROR    - cli.py:535 - 전략 실행 중 예상치 못한 오류: 'BotConfig' object is not iterable
Traceback (most recent call last):
  File "/workspaces/Trading_Bot/Trading_BOT/src/trading_bot/cli.py", line 430, in run_strategy
    pretty_show_summary(config, current_bot_state, actual_position)
  File "/workspaces/Trading_Bot/Trading_BOT/.venv/lib/python3.12/site-packages/click/core.py", line 1442, in __call__
    return self.main(*args, **kwargs)
           ^^^^^^^^^^^^^^^^^^^^^^^^^^
  File "/workspaces/Trading_Bot/Trading_BOT/.venv/lib/python3.12/site-packages/click/core.py", line 1352, in main
    args = list(args)
           ^^^^^^^^^^
TypeError: 'BotConfig' object is not iterable
2025-07-19 07:25:52 - trading_bot.cli           - ERROR    - cli.py:535 - 전략 실행 중 예상치 못한 오류: 'BotConfig' object is not iterable
Traceback (most recent call last):
  File "/workspaces/Trading_Bot/Trading_BOT/src/trading_bot/cli.py", line 430, in run_strategy
    pretty_show_summary(config, current_bot_state, actual_position)
  File "/workspaces/Trading_Bot/Trading_BOT/.venv/lib/python3.12/site-packages/click/core.py", line 1442, in __call__
    return self.main(*args, **kwargs)
           ^^^^^^^^^^^^^^^^^^^^^^^^^^
  File "/workspaces/Trading_Bot/Trading_BOT/.venv/lib/python3.12/site-packages/click/core.py", line 1352, in main
    args = list(args)
           ^^^^^^^^^^
TypeError: 'BotConfig' object is not iterable
2025-07-19 07:26:02 - trading_bot.cli           - ERROR    - cli.py:535 - 전략 실행 중 예상치 못한 오류: 'BotConfig' object is not iterable
Traceback (most recent call last):
  File "/workspaces/Trading_Bot/Trading_BOT/src/trading_bot/cli.py", line 430, in run_strategy
    pretty_show_summary(config, current_bot_state, actual_position)
  File "/workspaces/Trading_Bot/Trading_BOT/.venv/lib/python3.12/site-packages/click/core.py", line 1442, in __call__
    return self.main(*args, **kwargs)
           ^^^^^^^^^^^^^^^^^^^^^^^^^^
  File "/workspaces/Trading_Bot/Trading_BOT/.venv/lib/python3.12/site-packages/click/core.py", line 1352, in main
    args = list(args)
           ^^^^^^^^^^
TypeError: 'BotConfig' object is not iterable
2025-07-19 07:26:12 - trading_bot.cli           - ERROR    - cli.py:535 - 전략 실행 중 예상치 못한 오류: 'BotConfig' object is not iterable
Traceback (most recent call last):
  File "/workspaces/Trading_Bot/Trading_BOT/src/trading_bot/cli.py", line 430, in run_strategy
    pretty_show_summary(config, current_bot_state, actual_position)
  File "/workspaces/Trading_Bot/Trading_BOT/.venv/lib/python3.12/site-packages/click/core.py", line 1442, in __call__
    return self.main(*args, **kwargs)
           ^^^^^^^^^^^^^^^^^^^^^^^^^^
  File "/workspaces/Trading_Bot/Trading_BOT/.venv/lib/python3.12/site-packages/click/core.py", line 1352, in main
    args = list(args)
           ^^^^^^^^^^
TypeError: 'BotConfig' object is not iterable
2025-07-19 07:26:23 - trading_bot.cli           - ERROR    - cli.py:535 - 전략 실행 중 예상치 못한 오류: 'BotConfig' object is not iterable
Traceback (most recent call last):
  File "/workspaces/Trading_Bot/Trading_BOT/src/trading_bot/cli.py", line 430, in run_strategy
    pretty_show_summary(config, current_bot_state, actual_position)
  File "/workspaces/Trading_Bot/Trading_BOT/.venv/lib/python3.12/site-packages/click/core.py", line 1442, in __call__
    return self.main(*args, **kwargs)
           ^^^^^^^^^^^^^^^^^^^^^^^^^^
  File "/workspaces/Trading_Bot/Trading_BOT/.venv/lib/python3.12/site-packages/click/core.py", line 1352, in main
    args = list(args)
           ^^^^^^^^^^
TypeError: 'BotConfig' object is not iterable
2025-07-19 07:26:33 - trading_bot.cli           - ERROR    - cli.py:535 - 전략 실행 중 예상치 못한 오류: 'BotConfig' object is not iterable
Traceback (most recent call last):
  File "/workspaces/Trading_Bot/Trading_BOT/src/trading_bot/cli.py", line 430, in run_strategy
    pretty_show_summary(config, current_bot_state, actual_position)
  File "/workspaces/Trading_Bot/Trading_BOT/.venv/lib/python3.12/site-packages/click/core.py", line 1442, in __call__
    return self.main(*args, **kwargs)
           ^^^^^^^^^^^^^^^^^^^^^^^^^^
  File "/workspaces/Trading_Bot/Trading_BOT/.venv/lib/python3.12/site-packages/click/core.py", line 1352, in main
    args = list(args)
           ^^^^^^^^^^
TypeError: 'BotConfig' object is not iterable
2025-07-19 07:26:43 - trading_bot.cli           - ERROR    - cli.py:535 - 전략 실행 중 예상치 못한 오류: 'BotConfig' object is not iterable
Traceback (most recent call last):
  File "/workspaces/Trading_Bot/Trading_BOT/src/trading_bot/cli.py", line 430, in run_strategy
    pretty_show_summary(config, current_bot_state, actual_position)
  File "/workspaces/Trading_Bot/Trading_BOT/.venv/lib/python3.12/site-packages/click/core.py", line 1442, in __call__
    return self.main(*args, **kwargs)
           ^^^^^^^^^^^^^^^^^^^^^^^^^^
  File "/workspaces/Trading_Bot/Trading_BOT/.venv/lib/python3.12/site-packages/click/core.py", line 1352, in main
    args = list(args)
           ^^^^^^^^^^
TypeError: 'BotConfig' object is not iterable
2025-07-19 07:26:53 - trading_bot.cli           - ERROR    - cli.py:535 - 전략 실행 중 예상치 못한 오류: 'BotConfig' object is not iterable
Traceback (most recent call last):
  File "/workspaces/Trading_Bot/Trading_BOT/src/trading_bot/cli.py", line 430, in run_strategy
    pretty_show_summary(config, current_bot_state, actual_position)
  File "/workspaces/Trading_Bot/Trading_BOT/.venv/lib/python3.12/site-packages/click/core.py", line 1442, in __call__
    return self.main(*args, **kwargs)
           ^^^^^^^^^^^^^^^^^^^^^^^^^^
  File "/workspaces/Trading_Bot/Trading_BOT/.venv/lib/python3.12/site-packages/click/core.py", line 1352, in main
    args = list(args)
           ^^^^^^^^^^
TypeError: 'BotConfig' object is not iterable
2025-07-19 07:27:03 - trading_bot.cli           - ERROR    - cli.py:535 - 전략 실행 중 예상치 못한 오류: 'BotConfig' object is not iterable
Traceback (most recent call last):
  File "/workspaces/Trading_Bot/Trading_BOT/src/trading_bot/cli.py", line 430, in run_strategy
    pretty_show_summary(config, current_bot_state, actual_position)
  File "/workspaces/Trading_Bot/Trading_BOT/.venv/lib/python3.12/site-packages/click/core.py", line 1442, in __call__
    return self.main(*args, **kwargs)
           ^^^^^^^^^^^^^^^^^^^^^^^^^^
  File "/workspaces/Trading_Bot/Trading_BOT/.venv/lib/python3.12/site-packages/click/core.py", line 1352, in main
    args = list(args)
           ^^^^^^^^^^
TypeError: 'BotConfig' object is not iterable
2025-07-19 07:27:13 - trading_bot.cli           - ERROR    - cli.py:535 - 전략 실행 중 예상치 못한 오류: 'BotConfig' object is not iterable
Traceback (most recent call last):
  File "/workspaces/Trading_Bot/Trading_BOT/src/trading_bot/cli.py", line 430, in run_strategy
    pretty_show_summary(config, current_bot_state, actual_position)
  File "/workspaces/Trading_Bot/Trading_BOT/.venv/lib/python3.12/site-packages/click/core.py", line 1442, in __call__
    return self.main(*args, **kwargs)
           ^^^^^^^^^^^^^^^^^^^^^^^^^^
  File "/workspaces/Trading_Bot/Trading_BOT/.venv/lib/python3.12/site-packages/click/core.py", line 1352, in main
    args = list(args)
           ^^^^^^^^^^
TypeError: 'BotConfig' object is not iterable
2025-07-19 07:27:23 - trading_bot.cli           - ERROR    - cli.py:535 - 전략 실행 중 예상치 못한 오류: 'BotConfig' object is not iterable
Traceback (most recent call last):
  File "/workspaces/Trading_Bot/Trading_BOT/src/trading_bot/cli.py", line 430, in run_strategy
    pretty_show_summary(config, current_bot_state, actual_position)
  File "/workspaces/Trading_Bot/Trading_BOT/.venv/lib/python3.12/site-packages/click/core.py", line 1442, in __call__
    return self.main(*args, **kwargs)
           ^^^^^^^^^^^^^^^^^^^^^^^^^^
  File "/workspaces/Trading_Bot/Trading_BOT/.venv/lib/python3.12/site-packages/click/core.py", line 1352, in main
    args = list(args)
           ^^^^^^^^^^
TypeError: 'BotConfig' object is not iterable
2025-07-19 07:27:34 - trading_bot.cli           - ERROR    - cli.py:535 - 전략 실행 중 예상치 못한 오류: 'BotConfig' object is not iterable
Traceback (most recent call last):
  File "/workspaces/Trading_Bot/Trading_BOT/src/trading_bot/cli.py", line 430, in run_strategy
    pretty_show_summary(config, current_bot_state, actual_position)
  File "/workspaces/Trading_Bot/Trading_BOT/.venv/lib/python3.12/site-packages/click/core.py", line 1442, in __call__
    return self.main(*args, **kwargs)
           ^^^^^^^^^^^^^^^^^^^^^^^^^^
  File "/workspaces/Trading_Bot/Trading_BOT/.venv/lib/python3.12/site-packages/click/core.py", line 1352, in main
    args = list(args)
           ^^^^^^^^^^
TypeError: 'BotConfig' object is not iterable
2025-07-19 07:27:44 - trading_bot.cli           - ERROR    - cli.py:535 - 전략 실행 중 예상치 못한 오류: 'BotConfig' object is not iterable
Traceback (most recent call last):
  File "/workspaces/Trading_Bot/Trading_BOT/src/trading_bot/cli.py", line 430, in run_strategy
    pretty_show_summary(config, current_bot_state, actual_position)
  File "/workspaces/Trading_Bot/Trading_BOT/.venv/lib/python3.12/site-packages/click/core.py", line 1442, in __call__
    return self.main(*args, **kwargs)
           ^^^^^^^^^^^^^^^^^^^^^^^^^^
  File "/workspaces/Trading_Bot/Trading_BOT/.venv/lib/python3.12/site-packages/click/core.py", line 1352, in main
    args = list(args)
           ^^^^^^^^^^
TypeError: 'BotConfig' object is not iterable
2025-07-19 07:27:54 - trading_bot.cli           - ERROR    - cli.py:535 - 전략 실행 중 예상치 못한 오류: 'BotConfig' object is not iterable
Traceback (most recent call last):
  File "/workspaces/Trading_Bot/Trading_BOT/src/trading_bot/cli.py", line 430, in run_strategy
    pretty_show_summary(config, current_bot_state, actual_position)
  File "/workspaces/Trading_Bot/Trading_BOT/.venv/lib/python3.12/site-packages/click/core.py", line 1442, in __call__
    return self.main(*args, **kwargs)
           ^^^^^^^^^^^^^^^^^^^^^^^^^^
  File "/workspaces/Trading_Bot/Trading_BOT/.venv/lib/python3.12/site-packages/click/core.py", line 1352, in main
    args = list(args)
           ^^^^^^^^^^
TypeError: 'BotConfig' object is not iterable
2025-07-19 07:28:04 - trading_bot.cli           - ERROR    - cli.py:535 - 전략 실행 중 예상치 못한 오류: 'BotConfig' object is not iterable
Traceback (most recent call last):
  File "/workspaces/Trading_Bot/Trading_BOT/src/trading_bot/cli.py", line 430, in run_strategy
    pretty_show_summary(config, current_bot_state, actual_position)
  File "/workspaces/Trading_Bot/Trading_BOT/.venv/lib/python3.12/site-packages/click/core.py", line 1442, in __call__
    return self.main(*args, **kwargs)
           ^^^^^^^^^^^^^^^^^^^^^^^^^^
  File "/workspaces/Trading_Bot/Trading_BOT/.venv/lib/python3.12/site-packages/click/core.py", line 1352, in main
    args = list(args)
           ^^^^^^^^^^
TypeError: 'BotConfig' object is not iterable
2025-07-19 07:28:14 - trading_bot.cli           - ERROR    - cli.py:535 - 전략 실행 중 예상치 못한 오류: 'BotConfig' object is not iterable
Traceback (most recent call last):
  File "/workspaces/Trading_Bot/Trading_BOT/src/trading_bot/cli.py", line 430, in run_strategy
    pretty_show_summary(config, current_bot_state, actual_position)
  File "/workspaces/Trading_Bot/Trading_BOT/.venv/lib/python3.12/site-packages/click/core.py", line 1442, in __call__
    return self.main(*args, **kwargs)
           ^^^^^^^^^^^^^^^^^^^^^^^^^^
  File "/workspaces/Trading_Bot/Trading_BOT/.venv/lib/python3.12/site-packages/click/core.py", line 1352, in main
    args = list(args)
           ^^^^^^^^^^
TypeError: 'BotConfig' object is not iterable
2025-07-19 07:28:24 - trading_bot.cli           - ERROR    - cli.py:535 - 전략 실행 중 예상치 못한 오류: 'BotConfig' object is not iterable
Traceback (most recent call last):
  File "/workspaces/Trading_Bot/Trading_BOT/src/trading_bot/cli.py", line 430, in run_strategy
    pretty_show_summary(config, current_bot_state, actual_position)
  File "/workspaces/Trading_Bot/Trading_BOT/.venv/lib/python3.12/site-packages/click/core.py", line 1442, in __call__
    return self.main(*args, **kwargs)
           ^^^^^^^^^^^^^^^^^^^^^^^^^^
  File "/workspaces/Trading_Bot/Trading_BOT/.venv/lib/python3.12/site-packages/click/core.py", line 1352, in main
    args = list(args)
           ^^^^^^^^^^
TypeError: 'BotConfig' object is not iterable
2025-07-19 07:28:34 - trading_bot.cli           - ERROR    - cli.py:535 - 전략 실행 중 예상치 못한 오류: 'BotConfig' object is not iterable
Traceback (most recent call last):
  File "/workspaces/Trading_Bot/Trading_BOT/src/trading_bot/cli.py", line 430, in run_strategy
    pretty_show_summary(config, current_bot_state, actual_position)
  File "/workspaces/Trading_Bot/Trading_BOT/.venv/lib/python3.12/site-packages/click/core.py", line 1442, in __call__
    return self.main(*args, **kwargs)
           ^^^^^^^^^^^^^^^^^^^^^^^^^^
  File "/workspaces/Trading_Bot/Trading_BOT/.venv/lib/python3.12/site-packages/click/core.py", line 1352, in main
    args = list(args)
           ^^^^^^^^^^
TypeError: 'BotConfig' object is not iterable
2025-07-19 07:28:45 - trading_bot.cli           - ERROR    - cli.py:535 - 전략 실행 중 예상치 못한 오류: 'BotConfig' object is not iterable
Traceback (most recent call last):
  File "/workspaces/Trading_Bot/Trading_BOT/src/trading_bot/cli.py", line 430, in run_strategy
    pretty_show_summary(config, current_bot_state, actual_position)
  File "/workspaces/Trading_Bot/Trading_BOT/.venv/lib/python3.12/site-packages/click/core.py", line 1442, in __call__
    return self.main(*args, **kwargs)
           ^^^^^^^^^^^^^^^^^^^^^^^^^^
  File "/workspaces/Trading_Bot/Trading_BOT/.venv/lib/python3.12/site-packages/click/core.py", line 1352, in main
    args = list(args)
           ^^^^^^^^^^
TypeError: 'BotConfig' object is not iterable
2025-07-19 07:28:55 - trading_bot.cli           - ERROR    - cli.py:535 - 전략 실행 중 예상치 못한 오류: 'BotConfig' object is not iterable
Traceback (most recent call last):
  File "/workspaces/Trading_Bot/Trading_BOT/src/trading_bot/cli.py", line 430, in run_strategy
    pretty_show_summary(config, current_bot_state, actual_position)
  File "/workspaces/Trading_Bot/Trading_BOT/.venv/lib/python3.12/site-packages/click/core.py", line 1442, in __call__
    return self.main(*args, **kwargs)
           ^^^^^^^^^^^^^^^^^^^^^^^^^^
  File "/workspaces/Trading_Bot/Trading_BOT/.venv/lib/python3.12/site-packages/click/core.py", line 1352, in main
    args = list(args)
           ^^^^^^^^^^
TypeError: 'BotConfig' object is not iterable
2025-07-19 07:29:05 - trading_bot.cli           - ERROR    - cli.py:535 - 전략 실행 중 예상치 못한 오류: 'BotConfig' object is not iterable
Traceback (most recent call last):
  File "/workspaces/Trading_Bot/Trading_BOT/src/trading_bot/cli.py", line 430, in run_strategy
    pretty_show_summary(config, current_bot_state, actual_position)
  File "/workspaces/Trading_Bot/Trading_BOT/.venv/lib/python3.12/site-packages/click/core.py", line 1442, in __call__
    return self.main(*args, **kwargs)
           ^^^^^^^^^^^^^^^^^^^^^^^^^^
  File "/workspaces/Trading_Bot/Trading_BOT/.venv/lib/python3.12/site-packages/click/core.py", line 1352, in main
    args = list(args)
           ^^^^^^^^^^
TypeError: 'BotConfig' object is not iterable
2025-07-19 07:29:15 - trading_bot.cli           - ERROR    - cli.py:535 - 전략 실행 중 예상치 못한 오류: 'BotConfig' object is not iterable
Traceback (most recent call last):
  File "/workspaces/Trading_Bot/Trading_BOT/src/trading_bot/cli.py", line 430, in run_strategy
    pretty_show_summary(config, current_bot_state, actual_position)
  File "/workspaces/Trading_Bot/Trading_BOT/.venv/lib/python3.12/site-packages/click/core.py", line 1442, in __call__
    return self.main(*args, **kwargs)
           ^^^^^^^^^^^^^^^^^^^^^^^^^^
  File "/workspaces/Trading_Bot/Trading_BOT/.venv/lib/python3.12/site-packages/click/core.py", line 1352, in main
    args = list(args)
           ^^^^^^^^^^
TypeError: 'BotConfig' object is not iterable
2025-07-19 07:29:25 - trading_bot.cli           - ERROR    - cli.py:535 - 전략 실행 중 예상치 못한 오류: 'BotConfig' object is not iterable
Traceback (most recent call last):
  File "/workspaces/Trading_Bot/Trading_BOT/src/trading_bot/cli.py", line 430, in run_strategy
    pretty_show_summary(config, current_bot_state, actual_position)
  File "/workspaces/Trading_Bot/Trading_BOT/.venv/lib/python3.12/site-packages/click/core.py", line 1442, in __call__
    return self.main(*args, **kwargs)
           ^^^^^^^^^^^^^^^^^^^^^^^^^^
  File "/workspaces/Trading_Bot/Trading_BOT/.venv/lib/python3.12/site-packages/click/core.py", line 1352, in main
    args = list(args)
           ^^^^^^^^^^
TypeError: 'BotConfig' object is not iterable
2025-07-19 07:29:35 - trading_bot.cli           - ERROR    - cli.py:535 - 전략 실행 중 예상치 못한 오류: 'BotConfig' object is not iterable
Traceback (most recent call last):
  File "/workspaces/Trading_Bot/Trading_BOT/src/trading_bot/cli.py", line 430, in run_strategy
    pretty_show_summary(config, current_bot_state, actual_position)
  File "/workspaces/Trading_Bot/Trading_BOT/.venv/lib/python3.12/site-packages/click/core.py", line 1442, in __call__
    return self.main(*args, **kwargs)
           ^^^^^^^^^^^^^^^^^^^^^^^^^^
  File "/workspaces/Trading_Bot/Trading_BOT/.venv/lib/python3.12/site-packages/click/core.py", line 1352, in main
    args = list(args)
           ^^^^^^^^^^
TypeError: 'BotConfig' object is not iterable
2025-07-19 07:29:45 - trading_bot.cli           - ERROR    - cli.py:535 - 전략 실행 중 예상치 못한 오류: 'BotConfig' object is not iterable
Traceback (most recent call last):
  File "/workspaces/Trading_Bot/Trading_BOT/src/trading_bot/cli.py", line 430, in run_strategy
    pretty_show_summary(config, current_bot_state, actual_position)
  File "/workspaces/Trading_Bot/Trading_BOT/.venv/lib/python3.12/site-packages/click/core.py", line 1442, in __call__
    return self.main(*args, **kwargs)
           ^^^^^^^^^^^^^^^^^^^^^^^^^^
  File "/workspaces/Trading_Bot/Trading_BOT/.venv/lib/python3.12/site-packages/click/core.py", line 1352, in main
    args = list(args)
           ^^^^^^^^^^
TypeError: 'BotConfig' object is not iterable
2025-07-19 07:29:56 - trading_bot.cli           - ERROR    - cli.py:535 - 전략 실행 중 예상치 못한 오류: 'BotConfig' object is not iterable
Traceback (most recent call last):
  File "/workspaces/Trading_Bot/Trading_BOT/src/trading_bot/cli.py", line 430, in run_strategy
    pretty_show_summary(config, current_bot_state, actual_position)
  File "/workspaces/Trading_Bot/Trading_BOT/.venv/lib/python3.12/site-packages/click/core.py", line 1442, in __call__
    return self.main(*args, **kwargs)
           ^^^^^^^^^^^^^^^^^^^^^^^^^^
  File "/workspaces/Trading_Bot/Trading_BOT/.venv/lib/python3.12/site-packages/click/core.py", line 1352, in main
    args = list(args)
           ^^^^^^^^^^
TypeError: 'BotConfig' object is not iterable
2025-07-19 07:30:06 - trading_bot.cli           - ERROR    - cli.py:535 - 전략 실행 중 예상치 못한 오류: 'BotConfig' object is not iterable
Traceback (most recent call last):
  File "/workspaces/Trading_Bot/Trading_BOT/src/trading_bot/cli.py", line 430, in run_strategy
    pretty_show_summary(config, current_bot_state, actual_position)
  File "/workspaces/Trading_Bot/Trading_BOT/.venv/lib/python3.12/site-packages/click/core.py", line 1442, in __call__
    return self.main(*args, **kwargs)
           ^^^^^^^^^^^^^^^^^^^^^^^^^^
  File "/workspaces/Trading_Bot/Trading_BOT/.venv/lib/python3.12/site-packages/click/core.py", line 1352, in main
    args = list(args)
           ^^^^^^^^^^
TypeError: 'BotConfig' object is not iterable
2025-07-19 07:30:16 - trading_bot.cli           - ERROR    - cli.py:535 - 전략 실행 중 예상치 못한 오류: 'BotConfig' object is not iterable
Traceback (most recent call last):
  File "/workspaces/Trading_Bot/Trading_BOT/src/trading_bot/cli.py", line 430, in run_strategy
    pretty_show_summary(config, current_bot_state, actual_position)
  File "/workspaces/Trading_Bot/Trading_BOT/.venv/lib/python3.12/site-packages/click/core.py", line 1442, in __call__
    return self.main(*args, **kwargs)
           ^^^^^^^^^^^^^^^^^^^^^^^^^^
  File "/workspaces/Trading_Bot/Trading_BOT/.venv/lib/python3.12/site-packages/click/core.py", line 1352, in main
    args = list(args)
           ^^^^^^^^^^
TypeError: 'BotConfig' object is not iterable
2025-07-19 07:30:48 - trading_bot.cli           - ERROR    - cli.py:534 - 전략 실행 중 예상치 못한 오류: 'BotConfig' object is not iterable
Traceback (most recent call last):
  File "/workspaces/Trading_Bot/Trading_BOT/src/trading_bot/cli.py", line 430, in run_strategy
    pretty_show_summary(config, current_bot_state, actual_position)
  File "/workspaces/Trading_Bot/Trading_BOT/.venv/lib/python3.12/site-packages/click/core.py", line 1442, in __call__
    return self.main(*args, **kwargs)
           ^^^^^^^^^^^^^^^^^^^^^^^^^^
  File "/workspaces/Trading_Bot/Trading_BOT/.venv/lib/python3.12/site-packages/click/core.py", line 1352, in main
    args = list(args)
           ^^^^^^^^^^
TypeError: 'BotConfig' object is not iterable
2025-07-19 07:30:58 - trading_bot.cli           - ERROR    - cli.py:534 - 전략 실행 중 예상치 못한 오류: 'BotConfig' object is not iterable
Traceback (most recent call last):
  File "/workspaces/Trading_Bot/Trading_BOT/src/trading_bot/cli.py", line 430, in run_strategy
    pretty_show_summary(config, current_bot_state, actual_position)
  File "/workspaces/Trading_Bot/Trading_BOT/.venv/lib/python3.12/site-packages/click/core.py", line 1442, in __call__
    return self.main(*args, **kwargs)
           ^^^^^^^^^^^^^^^^^^^^^^^^^^
  File "/workspaces/Trading_Bot/Trading_BOT/.venv/lib/python3.12/site-packages/click/core.py", line 1352, in main
    args = list(args)
           ^^^^^^^^^^
TypeError: 'BotConfig' object is not iterable
2025-07-19 07:31:08 - trading_bot.cli           - ERROR    - cli.py:534 - 전략 실행 중 예상치 못한 오류: 'BotConfig' object is not iterable
Traceback (most recent call last):
  File "/workspaces/Trading_Bot/Trading_BOT/src/trading_bot/cli.py", line 430, in run_strategy
    pretty_show_summary(config, current_bot_state, actual_position)
  File "/workspaces/Trading_Bot/Trading_BOT/.venv/lib/python3.12/site-packages/click/core.py", line 1442, in __call__
    return self.main(*args, **kwargs)
           ^^^^^^^^^^^^^^^^^^^^^^^^^^
  File "/workspaces/Trading_Bot/Trading_BOT/.venv/lib/python3.12/site-packages/click/core.py", line 1352, in main
    args = list(args)
           ^^^^^^^^^^
TypeError: 'BotConfig' object is not iterable
2025-07-19 07:31:18 - trading_bot.cli           - ERROR    - cli.py:534 - 전략 실행 중 예상치 못한 오류: 'BotConfig' object is not iterable
Traceback (most recent call last):
  File "/workspaces/Trading_Bot/Trading_BOT/src/trading_bot/cli.py", line 430, in run_strategy
    pretty_show_summary(config, current_bot_state, actual_position)
  File "/workspaces/Trading_Bot/Trading_BOT/.venv/lib/python3.12/site-packages/click/core.py", line 1442, in __call__
    return self.main(*args, **kwargs)
           ^^^^^^^^^^^^^^^^^^^^^^^^^^
  File "/workspaces/Trading_Bot/Trading_BOT/.venv/lib/python3.12/site-packages/click/core.py", line 1352, in main
    args = list(args)
           ^^^^^^^^^^
TypeError: 'BotConfig' object is not iterable
2025-07-19 07:31:28 - trading_bot.cli           - ERROR    - cli.py:534 - 전략 실행 중 예상치 못한 오류: 'BotConfig' object is not iterable
Traceback (most recent call last):
  File "/workspaces/Trading_Bot/Trading_BOT/src/trading_bot/cli.py", line 430, in run_strategy
    pretty_show_summary(config, current_bot_state, actual_position)
  File "/workspaces/Trading_Bot/Trading_BOT/.venv/lib/python3.12/site-packages/click/core.py", line 1442, in __call__
    return self.main(*args, **kwargs)
           ^^^^^^^^^^^^^^^^^^^^^^^^^^
  File "/workspaces/Trading_Bot/Trading_BOT/.venv/lib/python3.12/site-packages/click/core.py", line 1352, in main
    args = list(args)
           ^^^^^^^^^^
TypeError: 'BotConfig' object is not iterable
2025-07-19 07:31:39 - trading_bot.cli           - ERROR    - cli.py:534 - 전략 실행 중 예상치 못한 오류: 'BotConfig' object is not iterable
Traceback (most recent call last):
  File "/workspaces/Trading_Bot/Trading_BOT/src/trading_bot/cli.py", line 430, in run_strategy
    pretty_show_summary(config, current_bot_state, actual_position)
  File "/workspaces/Trading_Bot/Trading_BOT/.venv/lib/python3.12/site-packages/click/core.py", line 1442, in __call__
    return self.main(*args, **kwargs)
           ^^^^^^^^^^^^^^^^^^^^^^^^^^
  File "/workspaces/Trading_Bot/Trading_BOT/.venv/lib/python3.12/site-packages/click/core.py", line 1352, in main
    args = list(args)
           ^^^^^^^^^^
TypeError: 'BotConfig' object is not iterable
2025-07-19 07:31:49 - trading_bot.cli           - ERROR    - cli.py:534 - 전략 실행 중 예상치 못한 오류: 'BotConfig' object is not iterable
Traceback (most recent call last):
  File "/workspaces/Trading_Bot/Trading_BOT/src/trading_bot/cli.py", line 430, in run_strategy
    pretty_show_summary(config, current_bot_state, actual_position)
  File "/workspaces/Trading_Bot/Trading_BOT/.venv/lib/python3.12/site-packages/click/core.py", line 1442, in __call__
    return self.main(*args, **kwargs)
           ^^^^^^^^^^^^^^^^^^^^^^^^^^
  File "/workspaces/Trading_Bot/Trading_BOT/.venv/lib/python3.12/site-packages/click/core.py", line 1352, in main
    args = list(args)
           ^^^^^^^^^^
TypeError: 'BotConfig' object is not iterable
2025-07-19 07:31:59 - trading_bot.cli           - ERROR    - cli.py:534 - 전략 실행 중 예상치 못한 오류: 'BotConfig' object is not iterable
Traceback (most recent call last):
  File "/workspaces/Trading_Bot/Trading_BOT/src/trading_bot/cli.py", line 430, in run_strategy
    pretty_show_summary(config, current_bot_state, actual_position)
  File "/workspaces/Trading_Bot/Trading_BOT/.venv/lib/python3.12/site-packages/click/core.py", line 1442, in __call__
    return self.main(*args, **kwargs)
           ^^^^^^^^^^^^^^^^^^^^^^^^^^
  File "/workspaces/Trading_Bot/Trading_BOT/.venv/lib/python3.12/site-packages/click/core.py", line 1352, in main
    args = list(args)
           ^^^^^^^^^^
TypeError: 'BotConfig' object is not iterable
2025-07-19 07:32:09 - trading_bot.cli           - ERROR    - cli.py:534 - 전략 실행 중 예상치 못한 오류: 'BotConfig' object is not iterable
Traceback (most recent call last):
  File "/workspaces/Trading_Bot/Trading_BOT/src/trading_bot/cli.py", line 430, in run_strategy
    pretty_show_summary(config, current_bot_state, actual_position)
  File "/workspaces/Trading_Bot/Trading_BOT/.venv/lib/python3.12/site-packages/click/core.py", line 1442, in __call__
    return self.main(*args, **kwargs)
           ^^^^^^^^^^^^^^^^^^^^^^^^^^
  File "/workspaces/Trading_Bot/Trading_BOT/.venv/lib/python3.12/site-packages/click/core.py", line 1352, in main
    args = list(args)
           ^^^^^^^^^^
TypeError: 'BotConfig' object is not iterable
2025-07-19 07:32:19 - trading_bot.cli           - ERROR    - cli.py:534 - 전략 실행 중 예상치 못한 오류: 'BotConfig' object is not iterable
Traceback (most recent call last):
  File "/workspaces/Trading_Bot/Trading_BOT/src/trading_bot/cli.py", line 430, in run_strategy
    pretty_show_summary(config, current_bot_state, actual_position)
  File "/workspaces/Trading_Bot/Trading_BOT/.venv/lib/python3.12/site-packages/click/core.py", line 1442, in __call__
    return self.main(*args, **kwargs)
           ^^^^^^^^^^^^^^^^^^^^^^^^^^
  File "/workspaces/Trading_Bot/Trading_BOT/.venv/lib/python3.12/site-packages/click/core.py", line 1352, in main
    args = list(args)
           ^^^^^^^^^^
TypeError: 'BotConfig' object is not iterable
2025-07-19 07:32:29 - trading_bot.cli           - ERROR    - cli.py:534 - 전략 실행 중 예상치 못한 오류: 'BotConfig' object is not iterable
Traceback (most recent call last):
  File "/workspaces/Trading_Bot/Trading_BOT/src/trading_bot/cli.py", line 430, in run_strategy
    pretty_show_summary(config, current_bot_state, actual_position)
  File "/workspaces/Trading_Bot/Trading_BOT/.venv/lib/python3.12/site-packages/click/core.py", line 1442, in __call__
    return self.main(*args, **kwargs)
           ^^^^^^^^^^^^^^^^^^^^^^^^^^
  File "/workspaces/Trading_Bot/Trading_BOT/.venv/lib/python3.12/site-packages/click/core.py", line 1352, in main
    args = list(args)
           ^^^^^^^^^^
TypeError: 'BotConfig' object is not iterable
2025-07-19 07:32:40 - trading_bot.cli           - ERROR    - cli.py:534 - 전략 실행 중 예상치 못한 오류: 'BotConfig' object is not iterable
Traceback (most recent call last):
  File "/workspaces/Trading_Bot/Trading_BOT/src/trading_bot/cli.py", line 430, in run_strategy
    pretty_show_summary(config, current_bot_state, actual_position)
  File "/workspaces/Trading_Bot/Trading_BOT/.venv/lib/python3.12/site-packages/click/core.py", line 1442, in __call__
    return self.main(*args, **kwargs)
           ^^^^^^^^^^^^^^^^^^^^^^^^^^
  File "/workspaces/Trading_Bot/Trading_BOT/.venv/lib/python3.12/site-packages/click/core.py", line 1352, in main
    args = list(args)
           ^^^^^^^^^^
TypeError: 'BotConfig' object is not iterable
2025-07-19 07:32:50 - trading_bot.cli           - ERROR    - cli.py:534 - 전략 실행 중 예상치 못한 오류: 'BotConfig' object is not iterable
Traceback (most recent call last):
  File "/workspaces/Trading_Bot/Trading_BOT/src/trading_bot/cli.py", line 430, in run_strategy
    pretty_show_summary(config, current_bot_state, actual_position)
  File "/workspaces/Trading_Bot/Trading_BOT/.venv/lib/python3.12/site-packages/click/core.py", line 1442, in __call__
    return self.main(*args, **kwargs)
           ^^^^^^^^^^^^^^^^^^^^^^^^^^
  File "/workspaces/Trading_Bot/Trading_BOT/.venv/lib/python3.12/site-packages/click/core.py", line 1352, in main
    args = list(args)
           ^^^^^^^^^^
TypeError: 'BotConfig' object is not iterable
2025-07-19 07:33:00 - trading_bot.cli           - ERROR    - cli.py:534 - 전략 실행 중 예상치 못한 오류: 'BotConfig' object is not iterable
Traceback (most recent call last):
  File "/workspaces/Trading_Bot/Trading_BOT/src/trading_bot/cli.py", line 430, in run_strategy
    pretty_show_summary(config, current_bot_state, actual_position)
  File "/workspaces/Trading_Bot/Trading_BOT/.venv/lib/python3.12/site-packages/click/core.py", line 1442, in __call__
    return self.main(*args, **kwargs)
           ^^^^^^^^^^^^^^^^^^^^^^^^^^
  File "/workspaces/Trading_Bot/Trading_BOT/.venv/lib/python3.12/site-packages/click/core.py", line 1352, in main
    args = list(args)
           ^^^^^^^^^^
TypeError: 'BotConfig' object is not iterable
2025-07-19 07:33:10 - trading_bot.cli           - ERROR    - cli.py:534 - 전략 실행 중 예상치 못한 오류: 'BotConfig' object is not iterable
Traceback (most recent call last):
  File "/workspaces/Trading_Bot/Trading_BOT/src/trading_bot/cli.py", line 430, in run_strategy
    pretty_show_summary(config, current_bot_state, actual_position)
  File "/workspaces/Trading_Bot/Trading_BOT/.venv/lib/python3.12/site-packages/click/core.py", line 1442, in __call__
    return self.main(*args, **kwargs)
           ^^^^^^^^^^^^^^^^^^^^^^^^^^
  File "/workspaces/Trading_Bot/Trading_BOT/.venv/lib/python3.12/site-packages/click/core.py", line 1352, in main
    args = list(args)
           ^^^^^^^^^^
TypeError: 'BotConfig' object is not iterable
2025-07-19 07:33:20 - trading_bot.cli           - ERROR    - cli.py:534 - 전략 실행 중 예상치 못한 오류: 'BotConfig' object is not iterable
Traceback (most recent call last):
  File "/workspaces/Trading_Bot/Trading_BOT/src/trading_bot/cli.py", line 430, in run_strategy
    pretty_show_summary(config, current_bot_state, actual_position)
  File "/workspaces/Trading_Bot/Trading_BOT/.venv/lib/python3.12/site-packages/click/core.py", line 1442, in __call__
    return self.main(*args, **kwargs)
           ^^^^^^^^^^^^^^^^^^^^^^^^^^
  File "/workspaces/Trading_Bot/Trading_BOT/.venv/lib/python3.12/site-packages/click/core.py", line 1352, in main
    args = list(args)
           ^^^^^^^^^^
TypeError: 'BotConfig' object is not iterable
2025-07-19 07:33:30 - trading_bot.cli           - ERROR    - cli.py:534 - 전략 실행 중 예상치 못한 오류: 'BotConfig' object is not iterable
Traceback (most recent call last):
  File "/workspaces/Trading_Bot/Trading_BOT/src/trading_bot/cli.py", line 430, in run_strategy
    pretty_show_summary(config, current_bot_state, actual_position)
  File "/workspaces/Trading_Bot/Trading_BOT/.venv/lib/python3.12/site-packages/click/core.py", line 1442, in __call__
    return self.main(*args, **kwargs)
           ^^^^^^^^^^^^^^^^^^^^^^^^^^
  File "/workspaces/Trading_Bot/Trading_BOT/.venv/lib/python3.12/site-packages/click/core.py", line 1352, in main
    args = list(args)
           ^^^^^^^^^^
TypeError: 'BotConfig' object is not iterable
2025-07-19 07:33:40 - trading_bot.cli           - ERROR    - cli.py:534 - 전략 실행 중 예상치 못한 오류: 'BotConfig' object is not iterable
Traceback (most recent call last):
  File "/workspaces/Trading_Bot/Trading_BOT/src/trading_bot/cli.py", line 430, in run_strategy
    pretty_show_summary(config, current_bot_state, actual_position)
  File "/workspaces/Trading_Bot/Trading_BOT/.venv/lib/python3.12/site-packages/click/core.py", line 1442, in __call__
    return self.main(*args, **kwargs)
           ^^^^^^^^^^^^^^^^^^^^^^^^^^
  File "/workspaces/Trading_Bot/Trading_BOT/.venv/lib/python3.12/site-packages/click/core.py", line 1352, in main
    args = list(args)
           ^^^^^^^^^^
TypeError: 'BotConfig' object is not iterable
2025-07-19 07:33:51 - trading_bot.cli           - ERROR    - cli.py:534 - 전략 실행 중 예상치 못한 오류: 'BotConfig' object is not iterable
Traceback (most recent call last):
  File "/workspaces/Trading_Bot/Trading_BOT/src/trading_bot/cli.py", line 430, in run_strategy
    pretty_show_summary(config, current_bot_state, actual_position)
  File "/workspaces/Trading_Bot/Trading_BOT/.venv/lib/python3.12/site-packages/click/core.py", line 1442, in __call__
    return self.main(*args, **kwargs)
           ^^^^^^^^^^^^^^^^^^^^^^^^^^
  File "/workspaces/Trading_Bot/Trading_BOT/.venv/lib/python3.12/site-packages/click/core.py", line 1352, in main
    args = list(args)
           ^^^^^^^^^^
TypeError: 'BotConfig' object is not iterable
2025-07-19 07:34:01 - trading_bot.cli           - ERROR    - cli.py:534 - 전략 실행 중 예상치 못한 오류: 'BotConfig' object is not iterable
Traceback (most recent call last):
  File "/workspaces/Trading_Bot/Trading_BOT/src/trading_bot/cli.py", line 430, in run_strategy
    pretty_show_summary(config, current_bot_state, actual_position)
  File "/workspaces/Trading_Bot/Trading_BOT/.venv/lib/python3.12/site-packages/click/core.py", line 1442, in __call__
    return self.main(*args, **kwargs)
           ^^^^^^^^^^^^^^^^^^^^^^^^^^
  File "/workspaces/Trading_Bot/Trading_BOT/.venv/lib/python3.12/site-packages/click/core.py", line 1352, in main
    args = list(args)
           ^^^^^^^^^^
TypeError: 'BotConfig' object is not iterable
2025-07-19 07:34:11 - trading_bot.cli           - ERROR    - cli.py:534 - 전략 실행 중 예상치 못한 오류: 'BotConfig' object is not iterable
Traceback (most recent call last):
  File "/workspaces/Trading_Bot/Trading_BOT/src/trading_bot/cli.py", line 430, in run_strategy
    pretty_show_summary(config, current_bot_state, actual_position)
  File "/workspaces/Trading_Bot/Trading_BOT/.venv/lib/python3.12/site-packages/click/core.py", line 1442, in __call__
    return self.main(*args, **kwargs)
           ^^^^^^^^^^^^^^^^^^^^^^^^^^
  File "/workspaces/Trading_Bot/Trading_BOT/.venv/lib/python3.12/site-packages/click/core.py", line 1352, in main
    args = list(args)
           ^^^^^^^^^^
TypeError: 'BotConfig' object is not iterable
2025-07-19 07:34:21 - trading_bot.cli           - ERROR    - cli.py:534 - 전략 실행 중 예상치 못한 오류: 'BotConfig' object is not iterable
Traceback (most recent call last):
  File "/workspaces/Trading_Bot/Trading_BOT/src/trading_bot/cli.py", line 430, in run_strategy
    pretty_show_summary(config, current_bot_state, actual_position)
  File "/workspaces/Trading_Bot/Trading_BOT/.venv/lib/python3.12/site-packages/click/core.py", line 1442, in __call__
    return self.main(*args, **kwargs)
           ^^^^^^^^^^^^^^^^^^^^^^^^^^
  File "/workspaces/Trading_Bot/Trading_BOT/.venv/lib/python3.12/site-packages/click/core.py", line 1352, in main
    args = list(args)
           ^^^^^^^^^^
TypeError: 'BotConfig' object is not iterable
2025-07-19 07:34:31 - trading_bot.cli           - ERROR    - cli.py:534 - 전략 실행 중 예상치 못한 오류: 'BotConfig' object is not iterable
Traceback (most recent call last):
  File "/workspaces/Trading_Bot/Trading_BOT/src/trading_bot/cli.py", line 430, in run_strategy
    pretty_show_summary(config, current_bot_state, actual_position)
  File "/workspaces/Trading_Bot/Trading_BOT/.venv/lib/python3.12/site-packages/click/core.py", line 1442, in __call__
    return self.main(*args, **kwargs)
           ^^^^^^^^^^^^^^^^^^^^^^^^^^
  File "/workspaces/Trading_Bot/Trading_BOT/.venv/lib/python3.12/site-packages/click/core.py", line 1352, in main
    args = list(args)
           ^^^^^^^^^^
TypeError: 'BotConfig' object is not iterable
2025-07-19 07:34:41 - trading_bot.cli           - ERROR    - cli.py:534 - 전략 실행 중 예상치 못한 오류: 'BotConfig' object is not iterable
Traceback (most recent call last):
  File "/workspaces/Trading_Bot/Trading_BOT/src/trading_bot/cli.py", line 430, in run_strategy
    pretty_show_summary(config, current_bot_state, actual_position)
  File "/workspaces/Trading_Bot/Trading_BOT/.venv/lib/python3.12/site-packages/click/core.py", line 1442, in __call__
    return self.main(*args, **kwargs)
           ^^^^^^^^^^^^^^^^^^^^^^^^^^
  File "/workspaces/Trading_Bot/Trading_BOT/.venv/lib/python3.12/site-packages/click/core.py", line 1352, in main
    args = list(args)
           ^^^^^^^^^^
TypeError: 'BotConfig' object is not iterable
2025-07-19 07:34:52 - trading_bot.cli           - ERROR    - cli.py:534 - 전략 실행 중 예상치 못한 오류: 'BotConfig' object is not iterable
Traceback (most recent call last):
  File "/workspaces/Trading_Bot/Trading_BOT/src/trading_bot/cli.py", line 430, in run_strategy
    pretty_show_summary(config, current_bot_state, actual_position)
  File "/workspaces/Trading_Bot/Trading_BOT/.venv/lib/python3.12/site-packages/click/core.py", line 1442, in __call__
    return self.main(*args, **kwargs)
           ^^^^^^^^^^^^^^^^^^^^^^^^^^
  File "/workspaces/Trading_Bot/Trading_BOT/.venv/lib/python3.12/site-packages/click/core.py", line 1352, in main
    args = list(args)
           ^^^^^^^^^^
TypeError: 'BotConfig' object is not iterable
2025-07-19 07:35:02 - trading_bot.cli           - ERROR    - cli.py:534 - 전략 실행 중 예상치 못한 오류: 'BotConfig' object is not iterable
Traceback (most recent call last):
  File "/workspaces/Trading_Bot/Trading_BOT/src/trading_bot/cli.py", line 430, in run_strategy
    pretty_show_summary(config, current_bot_state, actual_position)
  File "/workspaces/Trading_Bot/Trading_BOT/.venv/lib/python3.12/site-packages/click/core.py", line 1442, in __call__
    return self.main(*args, **kwargs)
           ^^^^^^^^^^^^^^^^^^^^^^^^^^
  File "/workspaces/Trading_Bot/Trading_BOT/.venv/lib/python3.12/site-packages/click/core.py", line 1352, in main
    args = list(args)
           ^^^^^^^^^^
TypeError: 'BotConfig' object is not iterable
2025-07-19 07:35:12 - trading_bot.cli           - ERROR    - cli.py:534 - 전략 실행 중 예상치 못한 오류: 'BotConfig' object is not iterable
Traceback (most recent call last):
  File "/workspaces/Trading_Bot/Trading_BOT/src/trading_bot/cli.py", line 430, in run_strategy
    pretty_show_summary(config, current_bot_state, actual_position)
  File "/workspaces/Trading_Bot/Trading_BOT/.venv/lib/python3.12/site-packages/click/core.py", line 1442, in __call__
    return self.main(*args, **kwargs)
           ^^^^^^^^^^^^^^^^^^^^^^^^^^
  File "/workspaces/Trading_Bot/Trading_BOT/.venv/lib/python3.12/site-packages/click/core.py", line 1352, in main
    args = list(args)
           ^^^^^^^^^^
TypeError: 'BotConfig' object is not iterable
